<?xml version="1.0" encoding="UTF-8"?>
<testsuite name="com.bridgelabz.censusanalyser.StateCensusAnalyserTestCases" tests="1" skipped="0" failures="0" errors="0" timestamp="2021-06-17T09:35:33" hostname="LAPTOP-DILI6N8Q" time="0.31">
  <properties/>
  <testcase name="givenCSVFile_WhenDelimiterIncorrect_ThenThrowException()" classname="com.bridgelabz.censusanalyser.StateCensusAnalyserTestCases" time="0.31"/>
  <system-out><![CDATA[]]></system-out>
  <system-err><![CDATA[]]></system-err>
</testsuite>
