<?xml version="1.0" encoding="UTF-8"?>
<testsuite name="com.bridgelabz.censusanalyser.StateCensusAnalyserTestCases" tests="10" skipped="0" failures="0" errors="0" timestamp="2021-06-20T11:16:27" hostname="LAPTOP-DILI6N8Q" time="0.212">
  <properties/>
  <testcase name="givenStateCodeCSVFile_WhenFileNameIncorrect_ThenThrowException()" classname="com.bridgelabz.censusanalyser.StateCensusAnalyserTestCases" time="0.023"/>
  <testcase name="givenStateCodeCSVFile_WhenFileTypeIncorrect_ThenThrowException()" classname="com.bridgelabz.censusanalyser.StateCensusAnalyserTestCases" time="0.001"/>
  <testcase name="givenCSVFile_WhenHeaderIncorrect_ThenThrowException()" classname="com.bridgelabz.censusanalyser.StateCensusAnalyserTestCases" time="0.14"/>
  <testcase name="givenCSVFile_WhenFileNameIncorrect_ThenThrowException()" classname="com.bridgelabz.censusanalyser.StateCensusAnalyserTestCases" time="0.002"/>
  <testcase name="givenCSVFile_WhenFileCorrect_ThenReturnTrueData()" classname="com.bridgelabz.censusanalyser.StateCensusAnalyserTestCases" time="0.013"/>
  <testcase name="givenStateCodeCSVFile_WhenFileCorrect_ThenReturnTrue()" classname="com.bridgelabz.censusanalyser.StateCensusAnalyserTestCases" time="0.002"/>
  <testcase name="givenCSVFile_WhenDelimiterIncorrect_ThenThrowException()" classname="com.bridgelabz.censusanalyser.StateCensusAnalyserTestCases" time="0.007"/>
  <testcase name="givenStateCodeCSVFile_WhenDelimiterIncorrect_ThenThrowException()" classname="com.bridgelabz.censusanalyser.StateCensusAnalyserTestCases" time="0.009"/>
  <testcase name="givenCSVFile_WhenFileTypeIncorrect_ThenThrowException()" classname="com.bridgelabz.censusanalyser.StateCensusAnalyserTestCases" time="0.001"/>
  <testcase name="givenStateCodeCSVFile_WhenHeaderIncorrect_ThenThrowException()" classname="com.bridgelabz.censusanalyser.StateCensusAnalyserTestCases" time="0.006"/>
  <system-out><![CDATA[]]></system-out>
  <system-err><![CDATA[]]></system-err>
</testsuite>
